<?xml version="1.0" encoding="UTF-8"?>
<!-- Generated by org.testng.reporters.JUnitReportReporter -->
<testsuite hostname="LAPTOP-KFK3ABT0" failures="0" tests="6" name="dd151.challenge.CalendarTest2" time="22.138" errors="0" timestamp="2023-11-29T10:45:01 IST" skipped="0">
  <testcase classname="dd151.challenge.CalendarTest2" name="testCalendar" time="2.994"/>
  <testcase classname="dd151.challenge.CalendarTest2" name="testCalendar" time="4.754"/>
  <testcase classname="dd151.challenge.CalendarTest2" name="testCalendar" time="3.264"/>
  <testcase classname="dd151.challenge.CalendarTest2" name="testCalendar" time="4.586"/>
  <testcase classname="dd151.challenge.CalendarTest2" name="testCalendar" time="3.489"/>
  <testcase classname="dd151.challenge.CalendarTest2" name="testCalendar" time="3.051"/>
</testsuite> <!-- dd151.challenge.CalendarTest2 -->
