<?xml version="1.0" encoding="UTF-8"?>
<!-- Generated by org.testng.reporters.JUnitReportReporter -->
<testsuite hostname="LAPTOP-KFK3ABT0" failures="0" tests="1" name="dd151.challenge.CalendarTest" time="8.122" errors="0" timestamp="2023-11-28T22:33:18 IST" skipped="0">
  <testcase classname="dd151.challenge.CalendarTest" name="calendarTest" time="8.122"/>
</testsuite> <!-- dd151.challenge.CalendarTest -->
