<?xml version="1.0" encoding="UTF-8"?>
<!-- Generated by org.testng.reporters.JUnitReportReporter -->
<testsuite hostname="LAPTOP-KFK3ABT0" failures="0" tests="1" name="dd151.challenge.HerokuTest" time="34.989" errors="0" timestamp="2023-11-26T22:49:29 IST" skipped="0">
  <testcase classname="dd151.challenge.HerokuTest" name="nestedFrameTest" time="34.989"/>
</testsuite> <!-- dd151.challenge.HerokuTest -->
