<?xml version="1.0" encoding="UTF-8"?>
<!-- Generated by org.testng.reporters.JUnitReportReporter -->
<testsuite hostname="LAPTOP-KFK3ABT0" failures="0" tests="2" name="dd151.challenge.IFrameTest" time="4.107" errors="0" timestamp="2023-11-27T00:07:07 IST" skipped="0">
  <testcase classname="dd151.challenge.IFrameTest" name="testNewDocument" time="0.584"/>
  <testcase classname="dd151.challenge.IFrameTest" name="testFormatText" time="3.523"/>
</testsuite> <!-- dd151.challenge.IFrameTest -->
