<?xml version="1.0" encoding="UTF-8"?>
<!-- Generated by org.testng.reporters.JUnitReportReporter -->
<testsuite hostname="LAPTOP-KFK3ABT0" failures="0" tests="1" name="dd151.challenge.HoverTest" time="1.610" errors="0" timestamp="2023-11-27T01:19:56 IST" skipped="0">
  <testcase classname="dd151.challenge.HoverTest" name="hoverTest" time="1.610"/>
</testsuite> <!-- dd151.challenge.HoverTest -->
