<?xml version="1.0" encoding="UTF-8"?>
<!-- Generated by org.testng.reporters.JUnitReportReporter -->
<testsuite hostname="LAPTOP-KFK3ABT0" failures="0" tests="1" name="dd151.challenge.FileDownloadTest" time="5.541" errors="0" timestamp="2023-11-27T17:57:04 IST" skipped="0">
  <testcase classname="dd151.challenge.FileDownloadTest" name="fileDownloadTest" time="5.541"/>
</testsuite> <!-- dd151.challenge.FileDownloadTest -->
