<?xml version="1.0" encoding="UTF-8"?>
<!-- Generated by org.testng.reporters.JUnitReportReporter -->
<testsuite hostname="LAPTOP-KFK3ABT0" failures="0" tests="3" name="dd151.challenge.WebTableTest" time="1.202" errors="0" timestamp="2023-11-26T15:31:30 IST" skipped="2">
  <testcase classname="dd151.challenge.WebTableTest" name="filterElements" time="1.202"/>
  <testcase classname="dd151.challenge.WebTableTest" name="displayTableData">
    <skipped/>
  </testcase> <!-- displayTableData -->
  <testcase classname="dd151.challenge.WebTableTest" name="writeData">
    <skipped/>
  </testcase> <!-- writeData -->
</testsuite> <!-- dd151.challenge.WebTableTest -->
